[2022-08-29 13:35:31] INFO [member.views:37] id : aaa
[2022-08-29 13:35:33] INFO [member.views:37] id : bbb
[2022-08-29 13:35:34] INFO [member.views:37] id : ccc
[2022-08-29 13:35:35] INFO [member.views:37] id : ddd
[2022-08-29 13:56:59] INFO [member.views:54] id : aaa
[2022-08-29 13:57:01] INFO [member.views:54] id : bbb
[2022-08-29 13:57:02] INFO [member.views:54] id : qqq
[2022-08-29 14:12:24] INFO [member.views:54] id : qwe
[2022-08-29 14:45:38] INFO [member.views:54] id : qqww
[2022-08-29 14:45:52] INFO [member.views:93] write : qqww[2022-08-29 17:07:56] INFO [member.views:54] id : qweq
[2022-08-29 17:08:29] INFO [member.views:94] write : qweq
[2022-08-29 20:37:27] INFO [member.views:54] id : aaa
[2022-08-29 20:37:29] INFO [member.views:54] id : bbb
[2022-08-29 20:37:30] INFO [member.views:54] id : ccc
[2022-08-29 20:37:30] INFO [member.views:54] id : ddd
[2022-08-29 20:37:34] INFO [member.views:92] write : <built-in function id>
[2022-08-29 20:40:15] INFO [member.views:54] id : ddd
[2022-08-29 20:40:17] INFO [member.views:54] id : eee
[2022-08-29 20:40:22] INFO [member.views:92] write : id
[2022-08-29 20:40:57] INFO [member.views:54] id : fff
[2022-08-29 20:41:02] INFO [member.views:92] write : <built-in function id>
[2022-08-29 20:41:33] INFO [member.views:54] id : ggg
[2022-08-29 20:41:37] INFO [member.views:92] name : <built-in function id>
[2022-08-29 20:42:13] INFO [member.views:54] id : hhh
[2022-08-29 20:42:17] INFO [member.views:93] write : hhh
[2022-08-29 20:43:04] INFO [member.views:54] id : iii
[2022-08-29 20:43:09] INFO [member.views:92] write : 
[2022-08-29 20:47:18] INFO [member.views:54] id : qwe
[2022-08-29 20:47:20] INFO [member.views:54] id : qqqq
[2022-08-29 20:47:24] INFO [member.views:92] <built-in function id>
[2022-08-29 20:50:00] INFO [member.views:54] id : qweq
[2022-08-29 20:50:01] INFO [member.views:54] id : qqww
[2022-08-29 20:50:04] INFO [member.views:54] id : qqwww
[2022-08-29 20:50:10] INFO [member.views:93] writer : qqwww
[2022-08-29 20:51:40] INFO [member.views:54] id : qwqwqw
[2022-08-29 20:51:44] INFO [member.views:92] writer : qwqwqw
[2022-08-29 20:53:38] INFO [member.views:54] id : qqqqw
[2022-08-29 20:53:42] INFO [member.views:92] writer : qqqqw
[2022-08-30 11:14:10] INFO [member.views:56] id : qwe
[2022-08-30 11:14:18] INFO [member.views:95] writer : qwe
[2022-08-31 10:25:44] INFO [member.views:56] id : qweq
[2022-08-31 10:25:46] INFO [member.views:56] id : qqqqq
[2022-08-31 10:25:52] INFO [member.views:95] writer : qqqqq
[2022-09-01 10:36:28] INFO [board.views:188] <QuerySet []>
